Copyright 1986-2018 Xilinx, Inc. All Rights Reserved.
------------------------------------------------------------------------------------
| Tool Version : Vivado v.2018.2 (win64) Build 2258646 Thu Jun 14 20:03:12 MDT 2018
| Date         : Sat Jun 19 04:03:33 2021
| Host         : DESKTOP-K6BNGB0 running 64-bit major release  (build 9200)
| Command      : upgrade_ip
| Device       : xc7z020clg484-1
------------------------------------------------------------------------------------

Upgrade Log for IP 'system_myip_v1_0_0_0'

1. Summary
----------

SUCCESS in the conversion of system_myip_v1_0_0_0 (xilinx.com:user:myip_v1_0:1.0 (Rev. 2)) to Vivado generation flows.






Copyright 1986-2018 Xilinx, Inc. All Rights Reserved.
------------------------------------------------------------------------------------
| Tool Version : Vivado v.2018.2 (win64) Build 2258646 Thu Jun 14 20:03:12 MDT 2018
| Date         : Fri Jun 18 15:35:30 2021
| Host         : DESKTOP-K6BNGB0 running 64-bit major release  (build 9200)
| Command      : upgrade_ip
| Device       : xc7z020clg484-1
------------------------------------------------------------------------------------

Upgrade Log for IP 'system_myip_v1_0_0_0'

1. Summary
----------

SUCCESS in the conversion of system_myip_v1_0_0_0 (xilinx.com:user:myip_v1_0:1.0 (Rev. 2)) to Vivado generation flows.






Copyright 1986-2018 Xilinx, Inc. All Rights Reserved.
------------------------------------------------------------------------------------
| Tool Version : Vivado v.2018.2 (win64) Build 2258646 Thu Jun 14 20:03:12 MDT 2018
| Date         : Fri Jun 18 15:31:01 2021
| Host         : DESKTOP-K6BNGB0 running 64-bit major release  (build 9200)
| Command      : upgrade_ip
| Device       : xc7z020clg484-1
------------------------------------------------------------------------------------

Upgrade Log for IP 'system_myip_v1_0_0_0'

1. Summary
----------

SUCCESS in the conversion of system_myip_v1_0_0_0 (xilinx.com:user:myip_v1_0:1.0 (Rev. 2)) to Vivado generation flows.






Copyright 1986-2018 Xilinx, Inc. All Rights Reserved.
------------------------------------------------------------------------------------
| Tool Version : Vivado v.2018.2 (win64) Build 2258646 Thu Jun 14 20:03:12 MDT 2018
| Date         : Fri Jun 18 14:27:20 2021
| Host         : DESKTOP-K6BNGB0 running 64-bit major release  (build 9200)
| Command      : upgrade_ip
| Device       : xc7z020clg484-1
------------------------------------------------------------------------------------

Upgrade Log for IP 'system_myip_v1_0_0_0'

1. Summary
----------

SUCCESS in the conversion of system_myip_v1_0_0_0 (xilinx.com:user:myip_v1_0:1.0 (Rev. 2)) to Vivado generation flows.






Copyright 1986-2018 Xilinx, Inc. All Rights Reserved.
------------------------------------------------------------------------------------
| Tool Version : Vivado v.2018.2 (win64) Build 2258646 Thu Jun 14 20:03:12 MDT 2018
| Date         : Fri Jun 18 14:21:58 2021
| Host         : DESKTOP-K6BNGB0 running 64-bit major release  (build 9200)
| Command      : upgrade_ip
| Device       : xc7z020clg484-1
------------------------------------------------------------------------------------

Upgrade Log for IP 'system_myip_v1_0_0_0'

1. Summary
----------

SUCCESS in the conversion of system_myip_v1_0_0_0 (xilinx.com:user:myip_v1_0:1.0 (Rev. 2)) to Vivado generation flows.






Copyright 1986-2018 Xilinx, Inc. All Rights Reserved.
------------------------------------------------------------------------------------
| Tool Version : Vivado v.2018.2 (win64) Build 2258646 Thu Jun 14 20:03:12 MDT 2018
| Date         : Fri Jun 18 14:16:17 2021
| Host         : DESKTOP-K6BNGB0 running 64-bit major release  (build 9200)
| Command      : upgrade_ip
| Device       : xc7z020clg484-1
------------------------------------------------------------------------------------

Upgrade Log for IP 'system_myip_v1_0_0_0'

1. Summary
----------

SUCCESS in the conversion of system_myip_v1_0_0_0 (xilinx.com:user:myip_v1_0:1.0 (Rev. 2)) to Vivado generation flows.






Copyright 1986-2018 Xilinx, Inc. All Rights Reserved.
------------------------------------------------------------------------------------
| Tool Version : Vivado v.2018.2 (win64) Build 2258646 Thu Jun 14 20:03:12 MDT 2018
| Date         : Fri Jun 18 13:53:43 2021
| Host         : DESKTOP-K6BNGB0 running 64-bit major release  (build 9200)
| Command      : upgrade_ip
| Device       : xc7z020clg484-1
------------------------------------------------------------------------------------

Upgrade Log for IP 'system_myip_v1_0_0_0'

1. Summary
----------

SUCCESS in the conversion of system_myip_v1_0_0_0 (xilinx.com:user:myip_v1_0:1.0 (Rev. 2)) to Vivado generation flows.






Copyright 1986-2018 Xilinx, Inc. All Rights Reserved.
------------------------------------------------------------------------------------
| Tool Version : Vivado v.2018.2 (win64) Build 2258646 Thu Jun 14 20:03:12 MDT 2018
| Date         : Fri Jun 18 13:47:55 2021
| Host         : DESKTOP-K6BNGB0 running 64-bit major release  (build 9200)
| Command      : upgrade_ip
| Device       : xc7z020clg484-1
------------------------------------------------------------------------------------

Upgrade Log for IP 'system_myip_v1_0_0_0'

1. Summary
----------

SUCCESS in the conversion of system_myip_v1_0_0_0 (xilinx.com:user:myip_v1_0:1.0 (Rev. 2)) to Vivado generation flows.






Copyright 1986-2018 Xilinx, Inc. All Rights Reserved.
------------------------------------------------------------------------------------
| Tool Version : Vivado v.2018.2 (win64) Build 2258646 Thu Jun 14 20:03:12 MDT 2018
| Date         : Sat Jun 12 20:04:26 2021
| Host         : DESKTOP-K6BNGB0 running 64-bit major release  (build 9200)
| Command      : upgrade_ip
| Device       : xc7z020clg484-1
------------------------------------------------------------------------------------

Upgrade Log for IP 'system_design_1_myip_1_0_0_1'

1. Summary
----------

SUCCESS in the conversion of system_design_1_myip_1_0_0_1 (xilinx.com:user:design_1_myip_1_0:1.0 (Rev. 2)) to Vivado generation flows.

