#-----------------------------------------------------------
# Vivado v2018.2 (64-bit)
# SW Build 2258646 on Thu Jun 14 20:03:12 MDT 2018
# IP Build 2256618 on Thu Jun 14 22:10:49 MDT 2018
# Start of session at: Sat Jun 19 01:13:44 2021
# Process ID: 4540
# Current directory: G:/ZLab2021/pingpongtestdd
# Command line: vivado.exe -gui_launcher_event rodinguilauncherevent21388 G:\ZLab2021\pingpongtestdd\pingpongtest.xpr
# Log file: G:/ZLab2021/pingpongtestdd/vivado.log
# Journal file: G:/ZLab2021/pingpongtestdd\vivado.jou
#-----------------------------------------------------------
start_gui
open_project G:/ZLab2021/pingpongtestdd/pingpongtest.xpr
INFO: [Project 1-313] Project file moved from 'G:/ZLab2021/pingpongtest' since last save.
Scanning sources...
Finished scanning sources
INFO: [IP_Flow 19-234] Refreshing IP repositories
INFO: [IP_Flow 19-1700] Loaded user IP repository 'g:/ZLab2021/pingpongtestdd/pingpongtest.srcs/sources_1/imports/vhdl_codes'.
INFO: [IP_Flow 19-1700] Loaded user IP repository 'g:/ZLab2021/pingpongtestdd/ProjectFiles/myip'.
INFO: [IP_Flow 19-1700] Loaded user IP repository 'g:/ZLab2021/pingpongtestdd/ProjectFiles/MyVip'.
INFO: [IP_Flow 19-1700] Loaded user IP repository 'g:/ZLab2021/pingpongtestdd/ProjectFiles/myip_1.0'.
INFO: [IP_Flow 19-1700] Loaded user IP repository 'g:/ZLab2021/pingpongtestdd/ProjectFiles/My_IP'.
INFO: [IP_Flow 19-2313] Loaded Vivado IP repository 'D:/Xilinx/Vivado/2018.2/data/ip'.
open_project: Time (s): cpu = 00:00:11 ; elapsed = 00:00:11 . Memory (MB): peak = 831.699 ; gain = 138.086
update_compile_order -fileset sources_1
open_bd_design {G:/ZLab2021/pingpongtestdd/pingpongtest.srcs/sources_1/bd/system/system.bd}
Adding cell -- xilinx.com:ip:processing_system7:5.5 - processing_system7_0
Adding cell -- xilinx.com:ip:axi_timer:2.0 - axi_timer_0
Adding cell -- xilinx.com:ip:proc_sys_reset:5.0 - proc_sys_reset_0
Adding cell -- xilinx.com:user:myip_v1_0:1.0 - myip_v1_0_0
Adding cell -- xilinx.com:ip:axi_crossbar:2.1 - xbar
Adding cell -- xilinx.com:ip:axi_protocol_converter:2.1 - auto_pc
Successfully read diagram <system> from BD file <G:/ZLab2021/pingpongtestdd/pingpongtest.srcs/sources_1/bd/system/system.bd>
open_bd_design: Time (s): cpu = 00:00:06 ; elapsed = 00:00:08 . Memory (MB): peak = 924.156 ; gain = 85.281
INFO: [Vivado 12-4158] Exported Hardware file is out of date. Exported hardware information may be inconsistent with respect to the current state of the design. It is recommended that you re-export the design and launch SDK otherwise SDK is launched with out of date hardware system file.
launch_sdk -workspace G:/ZLab2021/pingpongtestdd/pingpongtest.sdk -hwspec G:/ZLab2021/pingpongtestdd/pingpongtest.sdk/system_wrapper.hdf
INFO: [Vivado 12-393] Launching SDK...
INFO: [Vivado 12-417] Running xsdk -workspace G:/ZLab2021/pingpongtestdd/pingpongtest.sdk -hwspec G:/ZLab2021/pingpongtestdd/pingpongtest.sdk/system_wrapper.hdf
INFO: [Vivado 12-3157] SDK launch initiated. Please check console for any further messages.
open_hw
connect_hw_server
INFO: [Labtools 27-2285] Connecting to hw_server url TCP:localhost:3121
open_hw_target
INFO: [Labtoolstcl 44-466] Opening hw_target localhost:3121/xilinx_tcf/Digilent/210248783271
set_property PROGRAM.FILE {G:/ZLab2021/pingpongtestdd/pingpongtest.runs/impl_1/system_wrapper.bit} [get_hw_devices xc7z020_1]
current_hw_device [get_hw_devices xc7z020_1]
refresh_hw_device -update_hw_probes false [lindex [get_hw_devices xc7z020_1] 0]
INFO: [Labtools 27-1435] Device xc7z020 (JTAG device index = 1) is not programmed (DONE status = 0).
set_property PROBES.FILE {} [get_hw_devices xc7z020_1]
set_property FULL_PROBES.FILE {} [get_hw_devices xc7z020_1]
set_property PROGRAM.FILE {G:/ZLab2021/pingpongtestdd/pingpongtest.runs/impl_1/system_wrapper.bit} [get_hw_devices xc7z020_1]
program_hw_devices [get_hw_devices xc7z020_1]
ERROR: [Labtools 27-3165] End of startup status: LOW
ERROR: [Common 17-39] 'program_hw_devices' failed due to earlier errors.
set_property PROBES.FILE {} [get_hw_devices xc7z020_1]
set_property FULL_PROBES.FILE {} [get_hw_devices xc7z020_1]
set_property PROGRAM.FILE {G:/ZLab2021/pingpongtestdd/pingpongtest.runs/impl_1/system_wrapper.bit} [get_hw_devices xc7z020_1]
program_hw_devices [get_hw_devices xc7z020_1]
ERROR: [Labtools 27-3165] End of startup status: LOW
ERROR: [Common 17-39] 'program_hw_devices' failed due to earlier errors.
ERROR: [Labtoolstcl 44-513] HW Target shutdown. Closing target: localhost:3121/xilinx_tcf/Digilent/210248783271
INFO: [Labtoolstcl 44-466] Opening hw_target localhost:3121/xilinx_tcf/Digilent/210248783271
WARNING: [Labtoolstcl 44-129] No matching hw_ila_data was found.
INFO: [Labtools 27-1435] Device xc7z020 (JTAG device index = 1) is not programmed (DONE status = 0).
WARNING: [Labtoolstcl 44-129] No matching hw_ila_data was found.
set_property PROBES.FILE {} [get_hw_devices xc7z020_1]
set_property FULL_PROBES.FILE {} [get_hw_devices xc7z020_1]
set_property PROGRAM.FILE {G:/ZLab2021/pingpongtestdd/pingpongtest.runs/impl_1/system_wrapper.bit} [get_hw_devices xc7z020_1]
program_hw_devices [get_hw_devices xc7z020_1]
INFO: [Labtools 27-3164] End of startup status: HIGH
refresh_hw_device [lindex [get_hw_devices xc7z020_1] 0]
INFO: [Labtools 27-1434] Device xc7z020 (JTAG device index = 1) is programmed with a design that has no supported debug core(s) in it.
WARNING: [Labtools 27-3361] The debug hub core was not detected.
Resolution: 
1. Make sure the clock connected to the debug hub (dbg_hub) core is a free running clock and is active.
2. Make sure the BSCAN_SWITCH_USER_MASK device property in Vivado Hardware Manager reflects the user scan chain setting in the design and refresh the device.  To determine the user scan chain setting in the design, open the implemented design and use 'get_property C_USER_SCAN_CHAIN [get_debug_cores dbg_hub]'.
For more details on setting the scan chain property, consult the Vivado Debug and Programming User Guide (UG908).
WARNING: [Labtoolstcl 44-129] No matching hw_ila_data was found.
set_property PROBES.FILE {} [get_hw_devices xc7z020_1]
set_property FULL_PROBES.FILE {} [get_hw_devices xc7z020_1]
set_property PROGRAM.FILE {G:/ZLab2021/pingpongtestdd/pingpongtest.runs/impl_1/system_wrapper.bit} [get_hw_devices xc7z020_1]
program_hw_devices [get_hw_devices xc7z020_1]
ERROR: [Labtools 27-3165] End of startup status: LOW
ERROR: [Common 17-39] 'program_hw_devices' failed due to earlier errors.
ERROR: [Labtoolstcl 44-513] HW Target shutdown. Closing target: localhost:3121/xilinx_tcf/Digilent/210248783271
disconnect_hw_server localhost:3121
connect_hw_server
INFO: [Labtools 27-2285] Connecting to hw_server url TCP:localhost:3121
open_hw_target
INFO: [Labtoolstcl 44-466] Opening hw_target localhost:3121/xilinx_tcf/Digilent/210248783271
set_property PROGRAM.FILE {G:/ZLab2021/pingpongtestdd/pingpongtest.runs/impl_1/system_wrapper.bit} [get_hw_devices xc7z020_1]
current_hw_device [get_hw_devices xc7z020_1]
refresh_hw_device -update_hw_probes false [lindex [get_hw_devices xc7z020_1] 0]
INFO: [Labtools 27-1435] Device xc7z020 (JTAG device index = 1) is not programmed (DONE status = 0).
set_property PROBES.FILE {} [get_hw_devices xc7z020_1]
set_property FULL_PROBES.FILE {} [get_hw_devices xc7z020_1]
set_property PROGRAM.FILE {G:/ZLab2021/pingpongtestdd/pingpongtest.runs/impl_1/system_wrapper.bit} [get_hw_devices xc7z020_1]
program_hw_devices [get_hw_devices xc7z020_1]
INFO: [Labtools 27-3164] End of startup status: HIGH
refresh_hw_device [lindex [get_hw_devices xc7z020_1] 0]
INFO: [Labtools 27-1434] Device xc7z020 (JTAG device index = 1) is programmed with a design that has no supported debug core(s) in it.
WARNING: [Labtools 27-3361] The debug hub core was not detected.
Resolution: 
1. Make sure the clock connected to the debug hub (dbg_hub) core is a free running clock and is active.
2. Make sure the BSCAN_SWITCH_USER_MASK device property in Vivado Hardware Manager reflects the user scan chain setting in the design and refresh the device.  To determine the user scan chain setting in the design, open the implemented design and use 'get_property C_USER_SCAN_CHAIN [get_debug_cores dbg_hub]'.
For more details on setting the scan chain property, consult the Vivado Debug and Programming User Guide (UG908).
INFO: [Vivado 12-4158] Exported Hardware file is out of date. Exported hardware information may be inconsistent with respect to the current state of the design. It is recommended that you re-export the design and launch SDK otherwise SDK is launched with out of date hardware system file.
launch_sdk -workspace G:/ZLab2021/pingpongtestdd/pingpongtest.sdk -hwspec G:/ZLab2021/pingpongtestdd/pingpongtest.sdk/system_wrapper.hdf
INFO: [Vivado 12-393] Launching SDK...
INFO: [Vivado 12-417] Running xsdk -workspace G:/ZLab2021/pingpongtestdd/pingpongtest.sdk -hwspec G:/ZLab2021/pingpongtestdd/pingpongtest.sdk/system_wrapper.hdf
INFO: [Vivado 12-3157] SDK launch initiated. Please check console for any further messages.
ERROR: [Labtoolstcl 44-513] HW Target shutdown. Closing target: localhost:3121/xilinx_tcf/Digilent/210248783271
INFO: [Labtoolstcl 44-466] Opening hw_target localhost:3121/xilinx_tcf/Digilent/210248783271
WARNING: [Labtoolstcl 44-129] No matching hw_ila_data was found.
INFO: [Labtools 27-1435] Device xc7z020 (JTAG device index = 1) is not programmed (DONE status = 0).
WARNING: [Labtoolstcl 44-129] No matching hw_ila_data was found.
ERROR: [Labtoolstcl 44-513] HW Target shutdown. Closing target: localhost:3121/xilinx_tcf/Digilent/210248783271
INFO: [Labtoolstcl 44-466] Opening hw_target localhost:3121/xilinx_tcf/Digilent/210248783271
WARNING: [Labtoolstcl 44-129] No matching hw_ila_data was found.
INFO: [Labtools 27-1435] Device xc7z020 (JTAG device index = 1) is not programmed (DONE status = 0).
WARNING: [Labtoolstcl 44-129] No matching hw_ila_data was found.
set_property PROBES.FILE {} [get_hw_devices xc7z020_1]
set_property FULL_PROBES.FILE {} [get_hw_devices xc7z020_1]
set_property PROGRAM.FILE {G:/ZLab2021/pingpongtestdd/pingpongtest.runs/impl_1/system_wrapper.bit} [get_hw_devices xc7z020_1]
program_hw_devices [get_hw_devices xc7z020_1]
INFO: [Labtools 27-3164] End of startup status: HIGH
refresh_hw_device [lindex [get_hw_devices xc7z020_1] 0]
INFO: [Labtools 27-1434] Device xc7z020 (JTAG device index = 1) is programmed with a design that has no supported debug core(s) in it.
WARNING: [Labtools 27-3361] The debug hub core was not detected.
Resolution: 
1. Make sure the clock connected to the debug hub (dbg_hub) core is a free running clock and is active.
2. Make sure the BSCAN_SWITCH_USER_MASK device property in Vivado Hardware Manager reflects the user scan chain setting in the design and refresh the device.  To determine the user scan chain setting in the design, open the implemented design and use 'get_property C_USER_SCAN_CHAIN [get_debug_cores dbg_hub]'.
For more details on setting the scan chain property, consult the Vivado Debug and Programming User Guide (UG908).
ERROR: [Labtoolstcl 44-513] HW Target shutdown. Closing target: localhost:3121/xilinx_tcf/Digilent/210248783271
INFO: [Labtoolstcl 44-466] Opening hw_target localhost:3121/xilinx_tcf/Digilent/210248783271
WARNING: [Labtoolstcl 44-129] No matching hw_ila_data was found.
INFO: [Labtools 27-1435] Device xc7z020 (JTAG device index = 1) is not programmed (DONE status = 0).
WARNING: [Labtoolstcl 44-129] No matching hw_ila_data was found.
open_bd_design {G:/ZLab2021/pingpongtestdd/pingpongtest.srcs/sources_1/bd/system/system.bd}
set_property PROBES.FILE {} [get_hw_devices xc7z020_1]
set_property FULL_PROBES.FILE {} [get_hw_devices xc7z020_1]
set_property PROGRAM.FILE {G:/ZLab2021/pingpongtestdd/pingpongtest.runs/impl_1/system_wrapper.bit} [get_hw_devices xc7z020_1]
program_hw_devices [get_hw_devices xc7z020_1]
INFO: [Labtools 27-3164] End of startup status: HIGH
refresh_hw_device [lindex [get_hw_devices xc7z020_1] 0]
INFO: [Labtools 27-1434] Device xc7z020 (JTAG device index = 1) is programmed with a design that has no supported debug core(s) in it.
WARNING: [Labtools 27-3361] The debug hub core was not detected.
Resolution: 
1. Make sure the clock connected to the debug hub (dbg_hub) core is a free running clock and is active.
2. Make sure the BSCAN_SWITCH_USER_MASK device property in Vivado Hardware Manager reflects the user scan chain setting in the design and refresh the device.  To determine the user scan chain setting in the design, open the implemented design and use 'get_property C_USER_SCAN_CHAIN [get_debug_cores dbg_hub]'.
For more details on setting the scan chain property, consult the Vivado Debug and Programming User Guide (UG908).
ERROR: [Labtoolstcl 44-513] HW Target shutdown. Closing target: localhost:3121/xilinx_tcf/Digilent/210248783271
INFO: [Labtoolstcl 44-466] Opening hw_target localhost:3121/xilinx_tcf/Digilent/210248783271
WARNING: [Labtoolstcl 44-129] No matching hw_ila_data was found.
INFO: [Labtools 27-1434] Device xc7z020 (JTAG device index = 1) is programmed with a design that has no supported debug core(s) in it.
WARNING: [Labtools 27-3361] The debug hub core was not detected.
Resolution: 
1. Make sure the clock connected to the debug hub (dbg_hub) core is a free running clock and is active.
2. Make sure the BSCAN_SWITCH_USER_MASK device property in Vivado Hardware Manager reflects the user scan chain setting in the design and refresh the device.  To determine the user scan chain setting in the design, open the implemented design and use 'get_property C_USER_SCAN_CHAIN [get_debug_cores dbg_hub]'.
For more details on setting the scan chain property, consult the Vivado Debug and Programming User Guide (UG908).
WARNING: [Labtoolstcl 44-129] No matching hw_ila_data was found.
ERROR: [Labtoolstcl 44-513] HW Target shutdown. Closing target: localhost:3121/xilinx_tcf/Digilent/210248783271
open_bd_design {G:/ZLab2021/pingpongtestdd/pingpongtest.srcs/sources_1/bd/system/system.bd}
regenerate_bd_layout
save_bd_design
Wrote  : <G:/ZLab2021/pingpongtestdd/pingpongtest.srcs/sources_1/bd/system/ui/bd_c954508f.ui> 
update_ip_catalog -rebuild -scan_changes
INFO: [IP_Flow 19-234] Refreshing IP repositories
INFO: [IP_Flow 19-1700] Loaded user IP repository 'g:/ZLab2021/pingpongtestdd/pingpongtest.srcs/sources_1/imports/vhdl_codes'.
INFO: [IP_Flow 19-1700] Loaded user IP repository 'g:/ZLab2021/pingpongtestdd/ProjectFiles/myip'.
INFO: [IP_Flow 19-1700] Loaded user IP repository 'g:/ZLab2021/pingpongtestdd/ProjectFiles/MyVip'.
INFO: [IP_Flow 19-1700] Loaded user IP repository 'g:/ZLab2021/pingpongtestdd/ProjectFiles/myip_1.0'.
INFO: [IP_Flow 19-1700] Loaded user IP repository 'g:/ZLab2021/pingpongtestdd/ProjectFiles/My_IP'.
report_ip_status -name ip_status
upgrade_ip -vlnv xilinx.com:user:myip_v1_0:1.0 [get_ips  system_myip_v1_0_0_0] -log ip_upgrade.log
Upgrading 'G:/ZLab2021/pingpongtestdd/pingpongtest.srcs/sources_1/bd/system/system.bd'
WARNING: [Vivado 12-1017] Problems encountered:
1. Failed to delete one or more files in run directory G:/ZLab2021/pingpongtestdd/pingpongtest.runs/system_myip_v1_0_0_0_synth_1

INFO: [IP_Flow 19-1972] Upgraded system_myip_v1_0_0_0 from myip_v1_0_v1_0 1.0 to myip_v1_0_v1_0 1.0
Wrote  : <G:/ZLab2021/pingpongtestdd/pingpongtest.srcs/sources_1/bd/system/system.bd> 
INFO: [Coretcl 2-1525] Wrote upgrade log to 'G:/ZLab2021/pingpongtestdd/ip_upgrade.log'.
export_ip_user_files -of_objects [get_ips system_myip_v1_0_0_0] -no_script -sync -force -quiet
report_ip_status -name ip_status 
exit
INFO: [Common 17-206] Exiting Vivado at Sat Jun 19 04:03:48 2021...
